Command line:
   dummy_blk_mem_gen_v7_3_isim_beh.exe
     -simmode  gui
     -simrunnum  0
     -socket  61542

Wed Nov 06 18:41:24 2019


 Elaboration Time: 0.03125 sec

 Current Memory Usage: 5176.66 Meg

 Total Signals          : 17
 Total Nets             : 82
 Total Signal Drivers   : 6
 Total Blocks           : 2
 Total Primitive Blocks : 2
 Total Processes        : 9
 Total Traceable Variables  : 20
 Total Scalar Nets and Variables : 1218
Total Line Count : 25

 Total Simulation Time: 0.03125 sec

 Current Memory Usage: 5176.66 Meg

Wed Nov 06 18:41:26 2019

