ISim log file
Running: D:\Amatya Sharma\COA\Lab\ASG10_4_11\RISC_1\ipcore_dir\main_tb_isim_beh.exe -intstyle ise -gui -tclbatch isim.cmd -wdb D:/Amatya Sharma/COA/Lab/ASG10_4_11/RISC_1/ipcore_dir/main_tb_isim_beh.wdb 
ISim P.20131013 (signature 0x7708f090)
WARNING: A WEBPACK license was found.
WARNING: Please use Xilinx License Configuration Manager to check out a full ISim license.
WARNING: ISim will run in Lite mode. Please refer to the ISim documentation for more information on the differences between the Lite and the Full version.
This is a Lite version of ISim.
WARNING: File "D:/Amatya Sharma/COA/Lab/ASG10_4_11/RISC_1/InstructionFetch.v" Line 25.  For instance Module1/P_C/, width 25 of formal port jump_value is not equal to width 32 of actual signal jump_value.
WARNING:  For instance I_Mem/InstMem/, width 1 of formal port wea is not equal to width 32 of actual constant.
WARNING:  For instance Module1/I_Mem/, width 1 of formal port writeEnable is not equal to width 32 of actual constant.
WARNING: File "D:/Amatya Sharma/COA/Lab/ASG10_4_11/RISC_1/InstructionFetch.v" Line 45.  For instance Module1/I_Mem/, width 5 of formal port instruction_addr is not equal to width 32 of actual signal add_pc_address.
WARNING:  For instance Module6/h/, width 1 of formal port c_in is not equal to width 32 of actual constant.
WARNING: File "D:/Amatya Sharma/COA/Lab/ASG10_4_11/RISC_1/DataMemory.v" Line 25.  For instance Module7/dataMem/, width 5 of formal port addra is not equal to width 10 of actual signal data_addr.
WARNING: File "D:/Amatya Sharma/COA/Lab/ASG10_4_11/RISC_1/RISCMain.v" Line 74.  For instance uut/Module7/, width 10 of formal port data_addr is not equal to width 32 of actual signal ALUresult.
Time resolution is 1 ps
# onerror resume
# wave add /
# run 1000 ns
Simulator is doing circuit initialization process.
 Block Memory Generator CORE Generator module loading initial data...
 Block Memory Generator data initialization complete.
Block Memory Generator CORE Generator module main_tb.uut.Module1.I_Mem.InstMem.inst.\native_mem_module.blk_mem_gen_v7_3_inst  is using a behavioral model for simulation which will not precisely model memory collision behavior.
 Block Memory Generator CORE Generator module loading initial data...
 Block Memory Generator data initialization complete.
Block Memory Generator CORE Generator module main_tb.uut.Module7.dataMem.inst.\native_mem_module.blk_mem_gen_v7_3_inst  is using a behavioral model for simulation which will not precisely model memory collision behavior.
Finished circuit initialization process.
blk_mem_gen_v7_3 WARNING: Address 1b is outside range for A Read
blk_mem_gen_v7_3 WARNING: Address 1b is outside range for A Read
blk_mem_gen_v7_3 WARNING: Address 1b is outside range for A Read
blk_mem_gen_v7_3 WARNING: Address 1f is outside range for A Read
blk_mem_gen_v7_3 WARNING: Address 1f is outside range for A Read
blk_mem_gen_v7_3 WARNING: Address 1f is outside range for A Read
blk_mem_gen_v7_3 WARNING: Address 1c is outside range for A Read
blk_mem_gen_v7_3 WARNING: Address 1c is outside range for A Read
blk_mem_gen_v7_3 WARNING: Address 1c is outside range for A Read
blk_mem_gen_v7_3 WARNING: Address 1e is outside range for A Read
blk_mem_gen_v7_3 WARNING: Address 1e is outside range for A Read
blk_mem_gen_v7_3 WARNING: Address 1e is outside range for A Read
blk_mem_gen_v7_3 WARNING: Address 1d is outside range for A Read
blk_mem_gen_v7_3 WARNING: Address 1d is outside range for A Read
blk_mem_gen_v7_3 WARNING: Address 1d is outside range for A Read
blk_mem_gen_v7_3 WARNING: Address 1d is outside range for A Read
blk_mem_gen_v7_3 WARNING: Address 1d is outside range for A Read
blk_mem_gen_v7_3 WARNING: Address 1d is outside range for A Read
blk_mem_gen_v7_3 WARNING: Address 1e is outside range for A Read
blk_mem_gen_v7_3 WARNING: Address 1e is outside range for A Read
blk_mem_gen_v7_3 WARNING: Address 1e is outside range for A Read
blk_mem_gen_v7_3 WARNING: Address 1c is outside range for A Read
blk_mem_gen_v7_3 WARNING: Address 1c is outside range for A Read
blk_mem_gen_v7_3 WARNING: Address 1c is outside range for A Read
blk_mem_gen_v7_3 WARNING: Address 1f is outside range for A Read
blk_mem_gen_v7_3 WARNING: Address 1f is outside range for A Read
blk_mem_gen_v7_3 WARNING: Address 1f is outside range for A Read
blk_mem_gen_v7_3 WARNING: Address 1c is outside range for A Read
blk_mem_gen_v7_3 WARNING: Address 1c is outside range for A Read
blk_mem_gen_v7_3 WARNING: Address 1c is outside range for A Read
blk_mem_gen_v7_3 WARNING: Address 14 is outside range for A Read
blk_mem_gen_v7_3 WARNING: Address 15 is outside range for A Read
blk_mem_gen_v7_3 WARNING: Address 16 is outside range for A Read
blk_mem_gen_v7_3 WARNING: Address 17 is outside range for A Read
blk_mem_gen_v7_3 WARNING: Address 18 is outside range for A Read
blk_mem_gen_v7_3 WARNING: Address 19 is outside range for A Read
blk_mem_gen_v7_3 WARNING: Address 1a is outside range for A Read
blk_mem_gen_v7_3 WARNING: Address 1b is outside range for A Read
blk_mem_gen_v7_3 WARNING: Address 1c is outside range for A Read
blk_mem_gen_v7_3 WARNING: Address 1d is outside range for A Read
blk_mem_gen_v7_3 WARNING: Address 1e is outside range for A Read
blk_mem_gen_v7_3 WARNING: Address 1f is outside range for A Read
blk_mem_gen_v7_3 WARNING: Address 1b is outside range for A Read
blk_mem_gen_v7_3 WARNING: Address 1b is outside range for A Read
blk_mem_gen_v7_3 WARNING: Address 1b is outside range for A Read
blk_mem_gen_v7_3 WARNING: Address 1f is outside range for A Read
blk_mem_gen_v7_3 WARNING: Address 1f is outside range for A Read
blk_mem_gen_v7_3 WARNING: Address 1f is outside range for A Read
blk_mem_gen_v7_3 WARNING: Address 1c is outside range for A Read
blk_mem_gen_v7_3 WARNING: Address 1c is outside range for A Read
blk_mem_gen_v7_3 WARNING: Address 1c is outside range for A Read
blk_mem_gen_v7_3 WARNING: Address 1e is outside range for A Read
blk_mem_gen_v7_3 WARNING: Address 1e is outside range for A Read
blk_mem_gen_v7_3 WARNING: Address 1e is outside range for A Read
blk_mem_gen_v7_3 WARNING: Address 1d is outside range for A Read
blk_mem_gen_v7_3 WARNING: Address 1d is outside range for A Read
blk_mem_gen_v7_3 WARNING: Address 1d is outside range for A Read
blk_mem_gen_v7_3 WARNING: Address 1d is outside range for A Read
blk_mem_gen_v7_3 WARNING: Address 1d is outside range for A Read
blk_mem_gen_v7_3 WARNING: Address 1d is outside range for A Read
blk_mem_gen_v7_3 WARNING: Address 1e is outside range for A Read
blk_mem_gen_v7_3 WARNING: Address 1e is outside range for A Read
blk_mem_gen_v7_3 WARNING: Address 1e is outside range for A Read
blk_mem_gen_v7_3 WARNING: Address 1c is outside range for A Read
blk_mem_gen_v7_3 WARNING: Address 1c is outside range for A Read
blk_mem_gen_v7_3 WARNING: Address 1c is outside range for A Read
blk_mem_gen_v7_3 WARNING: Address 1f is outside range for A Read
blk_mem_gen_v7_3 WARNING: Address 1f is outside range for A Read
blk_mem_gen_v7_3 WARNING: Address 1f is outside range for A Read
blk_mem_gen_v7_3 WARNING: Address 1c is outside range for A Read
blk_mem_gen_v7_3 WARNING: Address 1c is outside range for A Read
blk_mem_gen_v7_3 WARNING: Address 1c is outside range for A Read
blk_mem_gen_v7_3 WARNING: Address 14 is outside range for A Read
blk_mem_gen_v7_3 WARNING: Address 15 is outside range for A Read
blk_mem_gen_v7_3 WARNING: Address 16 is outside range for A Read
blk_mem_gen_v7_3 WARNING: Address 17 is outside range for A Read
blk_mem_gen_v7_3 WARNING: Address 18 is outside range for A Read
blk_mem_gen_v7_3 WARNING: Address 19 is outside range for A Read
blk_mem_gen_v7_3 WARNING: Address 1a is outside range for A Read
blk_mem_gen_v7_3 WARNING: Address 1b is outside range for A Read
blk_mem_gen_v7_3 WARNING: Address 1c is outside range for A Read
blk_mem_gen_v7_3 WARNING: Address 1d is outside range for A Read
blk_mem_gen_v7_3 WARNING: Address 1e is outside range for A Read
blk_mem_gen_v7_3 WARNING: Address 1f is outside range for A Read
blk_mem_gen_v7_3 WARNING: Address 1b is outside range for A Read
blk_mem_gen_v7_3 WARNING: Address 1b is outside range for A Read
blk_mem_gen_v7_3 WARNING: Address 1b is outside range for A Read
blk_mem_gen_v7_3 WARNING: Address 1f is outside range for A Read
blk_mem_gen_v7_3 WARNING: Address 1f is outside range for A Read
blk_mem_gen_v7_3 WARNING: Address 1f is outside range for A Read
blk_mem_gen_v7_3 WARNING: Address 1c is outside range for A Read
blk_mem_gen_v7_3 WARNING: Address 1c is outside range for A Read
blk_mem_gen_v7_3 WARNING: Address 1c is outside range for A Read
blk_mem_gen_v7_3 WARNING: Address 1e is outside range for A Read
blk_mem_gen_v7_3 WARNING: Address 1e is outside range for A Read
blk_mem_gen_v7_3 WARNING: Address 1e is outside range for A Read
blk_mem_gen_v7_3 WARNING: Address 1d is outside range for A Read
blk_mem_gen_v7_3 WARNING: Address 1d is outside range for A Read
blk_mem_gen_v7_3 WARNING: Address 1d is outside range for A Read
blk_mem_gen_v7_3 WARNING: Address 1d is outside range for A Read
blk_mem_gen_v7_3 WARNING: Address 1d is outside range for A Read
blk_mem_gen_v7_3 WARNING: Address 1d is outside range for A Read
blk_mem_gen_v7_3 WARNING: Address 1e is outside range for A Read
blk_mem_gen_v7_3 WARNING: Address 1e is outside range for A Read
blk_mem_gen_v7_3 WARNING: Address 1e is outside range for A Read
blk_mem_gen_v7_3 WARNING: Address 1c is outside range for A Read
blk_mem_gen_v7_3 WARNING: Address 1c is outside range for A Read
blk_mem_gen_v7_3 WARNING: Address 1c is outside range for A Read
blk_mem_gen_v7_3 WARNING: Address 1f is outside range for A Read
blk_mem_gen_v7_3 WARNING: Address 1f is outside range for A Read
blk_mem_gen_v7_3 WARNING: Address 1f is outside range for A Read
ISim P.20131013 (signature 0x7708f090)
WARNING: A WEBPACK license was found.
WARNING: Please use Xilinx License Configuration Manager to check out a full ISim license.
WARNING: ISim will run in Lite mode. Please refer to the ISim documentation for more information on the differences between the Lite and the Full version.
This is a Lite version of ISim.
WARNING: File "D:/Amatya Sharma/COA/Lab/ASG10_4_11/RISC_1/InstructionFetch.v" Line 25.  For instance Module1/P_C/, width 25 of formal port jump_value is not equal to width 32 of actual signal jump_value.
WARNING:  For instance I_Mem/InstMem/, width 1 of formal port wea is not equal to width 32 of actual constant.
WARNING:  For instance Module1/I_Mem/, width 1 of formal port writeEnable is not equal to width 32 of actual constant.
WARNING: File "D:/Amatya Sharma/COA/Lab/ASG10_4_11/RISC_1/InstructionFetch.v" Line 45.  For instance Module1/I_Mem/, width 5 of formal port instruction_addr is not equal to width 32 of actual signal add_pc_address.
WARNING:  For instance Module6/h/, width 1 of formal port c_in is not equal to width 32 of actual constant.
WARNING: File "D:/Amatya Sharma/COA/Lab/ASG10_4_11/RISC_1/DataMemory.v" Line 25.  For instance Module7/dataMem/, width 5 of formal port addra is not equal to width 10 of actual signal data_addr.
WARNING: File "D:/Amatya Sharma/COA/Lab/ASG10_4_11/RISC_1/RISCMain.v" Line 74.  For instance uut/Module7/, width 10 of formal port data_addr is not equal to width 32 of actual signal ALUresult.
# run 1000 ns
Simulator is doing circuit initialization process.
 Block Memory Generator CORE Generator module loading initial data...
 Block Memory Generator data initialization complete.
Block Memory Generator CORE Generator module main_tb.uut.Module1.I_Mem.InstMem.inst.\native_mem_module.blk_mem_gen_v7_3_inst  is using a behavioral model for simulation which will not precisely model memory collision behavior.
 Block Memory Generator CORE Generator module loading initial data...
 Block Memory Generator data initialization complete.
Block Memory Generator CORE Generator module main_tb.uut.Module7.dataMem.inst.\native_mem_module.blk_mem_gen_v7_3_inst  is using a behavioral model for simulation which will not precisely model memory collision behavior.
Finished circuit initialization process.
blk_mem_gen_v7_3 WARNING: Address 1b is outside range for A Read
blk_mem_gen_v7_3 WARNING: Address 1b is outside range for A Read
blk_mem_gen_v7_3 WARNING: Address 1b is outside range for A Read
blk_mem_gen_v7_3 WARNING: Address 1f is outside range for A Read
blk_mem_gen_v7_3 WARNING: Address 1f is outside range for A Read
blk_mem_gen_v7_3 WARNING: Address 1f is outside range for A Read
blk_mem_gen_v7_3 WARNING: Address 1c is outside range for A Read
blk_mem_gen_v7_3 WARNING: Address 1c is outside range for A Read
blk_mem_gen_v7_3 WARNING: Address 1c is outside range for A Read
blk_mem_gen_v7_3 WARNING: Address 1e is outside range for A Read
blk_mem_gen_v7_3 WARNING: Address 1e is outside range for A Read
blk_mem_gen_v7_3 WARNING: Address 1e is outside range for A Read
blk_mem_gen_v7_3 WARNING: Address 1d is outside range for A Read
blk_mem_gen_v7_3 WARNING: Address 1d is outside range for A Read
blk_mem_gen_v7_3 WARNING: Address 1d is outside range for A Read
blk_mem_gen_v7_3 WARNING: Address 1d is outside range for A Read
blk_mem_gen_v7_3 WARNING: Address 1d is outside range for A Read
blk_mem_gen_v7_3 WARNING: Address 1d is outside range for A Read
blk_mem_gen_v7_3 WARNING: Address 1e is outside range for A Read
blk_mem_gen_v7_3 WARNING: Address 1e is outside range for A Read
blk_mem_gen_v7_3 WARNING: Address 1e is outside range for A Read
blk_mem_gen_v7_3 WARNING: Address 1c is outside range for A Read
blk_mem_gen_v7_3 WARNING: Address 1c is outside range for A Read
blk_mem_gen_v7_3 WARNING: Address 1c is outside range for A Read
blk_mem_gen_v7_3 WARNING: Address 1f is outside range for A Read
blk_mem_gen_v7_3 WARNING: Address 1f is outside range for A Read
blk_mem_gen_v7_3 WARNING: Address 1f is outside range for A Read
blk_mem_gen_v7_3 WARNING: Address 1c is outside range for A Read
blk_mem_gen_v7_3 WARNING: Address 1c is outside range for A Read
blk_mem_gen_v7_3 WARNING: Address 1c is outside range for A Read
blk_mem_gen_v7_3 WARNING: Address 14 is outside range for A Read
blk_mem_gen_v7_3 WARNING: Address 15 is outside range for A Read
blk_mem_gen_v7_3 WARNING: Address 16 is outside range for A Read
blk_mem_gen_v7_3 WARNING: Address 17 is outside range for A Read
blk_mem_gen_v7_3 WARNING: Address 18 is outside range for A Read
blk_mem_gen_v7_3 WARNING: Address 19 is outside range for A Read
blk_mem_gen_v7_3 WARNING: Address 1a is outside range for A Read
blk_mem_gen_v7_3 WARNING: Address 1b is outside range for A Read
blk_mem_gen_v7_3 WARNING: Address 1c is outside range for A Read
blk_mem_gen_v7_3 WARNING: Address 1d is outside range for A Read
blk_mem_gen_v7_3 WARNING: Address 1e is outside range for A Read
blk_mem_gen_v7_3 WARNING: Address 1f is outside range for A Read
blk_mem_gen_v7_3 WARNING: Address 1b is outside range for A Read
blk_mem_gen_v7_3 WARNING: Address 1b is outside range for A Read
blk_mem_gen_v7_3 WARNING: Address 1b is outside range for A Read
blk_mem_gen_v7_3 WARNING: Address 1f is outside range for A Read
blk_mem_gen_v7_3 WARNING: Address 1f is outside range for A Read
blk_mem_gen_v7_3 WARNING: Address 1f is outside range for A Read
blk_mem_gen_v7_3 WARNING: Address 1c is outside range for A Read
blk_mem_gen_v7_3 WARNING: Address 1c is outside range for A Read
blk_mem_gen_v7_3 WARNING: Address 1c is outside range for A Read
blk_mem_gen_v7_3 WARNING: Address 1e is outside range for A Read
blk_mem_gen_v7_3 WARNING: Address 1e is outside range for A Read
blk_mem_gen_v7_3 WARNING: Address 1e is outside range for A Read
blk_mem_gen_v7_3 WARNING: Address 1d is outside range for A Read
blk_mem_gen_v7_3 WARNING: Address 1d is outside range for A Read
blk_mem_gen_v7_3 WARNING: Address 1d is outside range for A Read
blk_mem_gen_v7_3 WARNING: Address 1d is outside range for A Read
blk_mem_gen_v7_3 WARNING: Address 1d is outside range for A Read
blk_mem_gen_v7_3 WARNING: Address 1d is outside range for A Read
blk_mem_gen_v7_3 WARNING: Address 1e is outside range for A Read
blk_mem_gen_v7_3 WARNING: Address 1e is outside range for A Read
blk_mem_gen_v7_3 WARNING: Address 1e is outside range for A Read
blk_mem_gen_v7_3 WARNING: Address 1c is outside range for A Read
blk_mem_gen_v7_3 WARNING: Address 1c is outside range for A Read
blk_mem_gen_v7_3 WARNING: Address 1c is outside range for A Read
blk_mem_gen_v7_3 WARNING: Address 1f is outside range for A Read
blk_mem_gen_v7_3 WARNING: Address 1f is outside range for A Read
blk_mem_gen_v7_3 WARNING: Address 1f is outside range for A Read
blk_mem_gen_v7_3 WARNING: Address 1c is outside range for A Read
blk_mem_gen_v7_3 WARNING: Address 1c is outside range for A Read
blk_mem_gen_v7_3 WARNING: Address 1c is outside range for A Read
blk_mem_gen_v7_3 WARNING: Address 14 is outside range for A Read
blk_mem_gen_v7_3 WARNING: Address 15 is outside range for A Read
blk_mem_gen_v7_3 WARNING: Address 16 is outside range for A Read
blk_mem_gen_v7_3 WARNING: Address 17 is outside range for A Read
blk_mem_gen_v7_3 WARNING: Address 18 is outside range for A Read
blk_mem_gen_v7_3 WARNING: Address 19 is outside range for A Read
blk_mem_gen_v7_3 WARNING: Address 1a is outside range for A Read
blk_mem_gen_v7_3 WARNING: Address 1b is outside range for A Read
blk_mem_gen_v7_3 WARNING: Address 1c is outside range for A Read
blk_mem_gen_v7_3 WARNING: Address 1d is outside range for A Read
blk_mem_gen_v7_3 WARNING: Address 1e is outside range for A Read
blk_mem_gen_v7_3 WARNING: Address 1f is outside range for A Read
blk_mem_gen_v7_3 WARNING: Address 1b is outside range for A Read
blk_mem_gen_v7_3 WARNING: Address 1b is outside range for A Read
blk_mem_gen_v7_3 WARNING: Address 1b is outside range for A Read
blk_mem_gen_v7_3 WARNING: Address 1f is outside range for A Read
blk_mem_gen_v7_3 WARNING: Address 1f is outside range for A Read
blk_mem_gen_v7_3 WARNING: Address 1f is outside range for A Read
blk_mem_gen_v7_3 WARNING: Address 1c is outside range for A Read
blk_mem_gen_v7_3 WARNING: Address 1c is outside range for A Read
blk_mem_gen_v7_3 WARNING: Address 1c is outside range for A Read
blk_mem_gen_v7_3 WARNING: Address 1e is outside range for A Read
blk_mem_gen_v7_3 WARNING: Address 1e is outside range for A Read
blk_mem_gen_v7_3 WARNING: Address 1e is outside range for A Read
blk_mem_gen_v7_3 WARNING: Address 1d is outside range for A Read
blk_mem_gen_v7_3 WARNING: Address 1d is outside range for A Read
blk_mem_gen_v7_3 WARNING: Address 1d is outside range for A Read
blk_mem_gen_v7_3 WARNING: Address 1d is outside range for A Read
blk_mem_gen_v7_3 WARNING: Address 1d is outside range for A Read
blk_mem_gen_v7_3 WARNING: Address 1d is outside range for A Read
blk_mem_gen_v7_3 WARNING: Address 1e is outside range for A Read
blk_mem_gen_v7_3 WARNING: Address 1e is outside range for A Read
blk_mem_gen_v7_3 WARNING: Address 1e is outside range for A Read
blk_mem_gen_v7_3 WARNING: Address 1c is outside range for A Read
blk_mem_gen_v7_3 WARNING: Address 1c is outside range for A Read
blk_mem_gen_v7_3 WARNING: Address 1c is outside range for A Read
blk_mem_gen_v7_3 WARNING: Address 1f is outside range for A Read
blk_mem_gen_v7_3 WARNING: Address 1f is outside range for A Read
blk_mem_gen_v7_3 WARNING: Address 1f is outside range for A Read
ISim P.20131013 (signature 0x7708f090)
WARNING: A WEBPACK license was found.
WARNING: Please use Xilinx License Configuration Manager to check out a full ISim license.
WARNING: ISim will run in Lite mode. Please refer to the ISim documentation for more information on the differences between the Lite and the Full version.
This is a Lite version of ISim.
WARNING: File "D:/Amatya Sharma/COA/Lab/ASG10_4_11/RISC_1/InstructionFetch.v" Line 25.  For instance Module1/P_C/, width 25 of formal port jump_value is not equal to width 32 of actual signal jump_value.
WARNING:  For instance I_Mem/InstMem/, width 1 of formal port wea is not equal to width 32 of actual constant.
WARNING:  For instance Module1/I_Mem/, width 1 of formal port writeEnable is not equal to width 32 of actual constant.
WARNING: File "D:/Amatya Sharma/COA/Lab/ASG10_4_11/RISC_1/InstructionFetch.v" Line 45.  For instance Module1/I_Mem/, width 5 of formal port instruction_addr is not equal to width 32 of actual signal add_pc_address.
WARNING:  For instance Module6/h/, width 1 of formal port c_in is not equal to width 32 of actual constant.
WARNING: File "D:/Amatya Sharma/COA/Lab/ASG10_4_11/RISC_1/DataMemory.v" Line 25.  For instance Module7/dataMem/, width 5 of formal port addra is not equal to width 10 of actual signal data_addr.
WARNING: File "D:/Amatya Sharma/COA/Lab/ASG10_4_11/RISC_1/RISCMain.v" Line 74.  For instance uut/Module7/, width 10 of formal port data_addr is not equal to width 32 of actual signal ALUresult.
# run 1000 ns
Simulator is doing circuit initialization process.
 Block Memory Generator CORE Generator module loading initial data...
 Block Memory Generator data initialization complete.
Block Memory Generator CORE Generator module main_tb.uut.Module1.I_Mem.InstMem.inst.\native_mem_module.blk_mem_gen_v7_3_inst  is using a behavioral model for simulation which will not precisely model memory collision behavior.
 Block Memory Generator CORE Generator module loading initial data...
 Block Memory Generator data initialization complete.
Block Memory Generator CORE Generator module main_tb.uut.Module7.dataMem.inst.\native_mem_module.blk_mem_gen_v7_3_inst  is using a behavioral model for simulation which will not precisely model memory collision behavior.
Finished circuit initialization process.
blk_mem_gen_v7_3 WARNING: Address 1b is outside range for A Read
blk_mem_gen_v7_3 WARNING: Address 1b is outside range for A Read
blk_mem_gen_v7_3 WARNING: Address 1b is outside range for A Read
blk_mem_gen_v7_3 WARNING: Address 1f is outside range for A Read
blk_mem_gen_v7_3 WARNING: Address 1f is outside range for A Read
blk_mem_gen_v7_3 WARNING: Address 1f is outside range for A Read
blk_mem_gen_v7_3 WARNING: Address 1c is outside range for A Read
blk_mem_gen_v7_3 WARNING: Address 1c is outside range for A Read
blk_mem_gen_v7_3 WARNING: Address 1c is outside range for A Read
blk_mem_gen_v7_3 WARNING: Address 1e is outside range for A Read
blk_mem_gen_v7_3 WARNING: Address 1e is outside range for A Read
blk_mem_gen_v7_3 WARNING: Address 1e is outside range for A Read
blk_mem_gen_v7_3 WARNING: Address 1d is outside range for A Read
blk_mem_gen_v7_3 WARNING: Address 1d is outside range for A Read
blk_mem_gen_v7_3 WARNING: Address 1d is outside range for A Read
blk_mem_gen_v7_3 WARNING: Address 1d is outside range for A Read
blk_mem_gen_v7_3 WARNING: Address 1d is outside range for A Read
blk_mem_gen_v7_3 WARNING: Address 1d is outside range for A Read
blk_mem_gen_v7_3 WARNING: Address 1e is outside range for A Read
blk_mem_gen_v7_3 WARNING: Address 1e is outside range for A Read
blk_mem_gen_v7_3 WARNING: Address 1e is outside range for A Read
blk_mem_gen_v7_3 WARNING: Address 1c is outside range for A Read
blk_mem_gen_v7_3 WARNING: Address 1c is outside range for A Read
blk_mem_gen_v7_3 WARNING: Address 1c is outside range for A Read
blk_mem_gen_v7_3 WARNING: Address 1f is outside range for A Read
blk_mem_gen_v7_3 WARNING: Address 1f is outside range for A Read
blk_mem_gen_v7_3 WARNING: Address 1f is outside range for A Read
blk_mem_gen_v7_3 WARNING: Address 1c is outside range for A Read
blk_mem_gen_v7_3 WARNING: Address 1c is outside range for A Read
blk_mem_gen_v7_3 WARNING: Address 1c is outside range for A Read
blk_mem_gen_v7_3 WARNING: Address 14 is outside range for A Read
blk_mem_gen_v7_3 WARNING: Address 15 is outside range for A Read
blk_mem_gen_v7_3 WARNING: Address 16 is outside range for A Read
blk_mem_gen_v7_3 WARNING: Address 17 is outside range for A Read
blk_mem_gen_v7_3 WARNING: Address 18 is outside range for A Read
blk_mem_gen_v7_3 WARNING: Address 19 is outside range for A Read
blk_mem_gen_v7_3 WARNING: Address 1a is outside range for A Read
blk_mem_gen_v7_3 WARNING: Address 1b is outside range for A Read
blk_mem_gen_v7_3 WARNING: Address 1c is outside range for A Read
blk_mem_gen_v7_3 WARNING: Address 1d is outside range for A Read
blk_mem_gen_v7_3 WARNING: Address 1e is outside range for A Read
blk_mem_gen_v7_3 WARNING: Address 1f is outside range for A Read
blk_mem_gen_v7_3 WARNING: Address 1b is outside range for A Read
blk_mem_gen_v7_3 WARNING: Address 1b is outside range for A Read
blk_mem_gen_v7_3 WARNING: Address 1b is outside range for A Read
blk_mem_gen_v7_3 WARNING: Address 1f is outside range for A Read
blk_mem_gen_v7_3 WARNING: Address 1f is outside range for A Read
blk_mem_gen_v7_3 WARNING: Address 1f is outside range for A Read
blk_mem_gen_v7_3 WARNING: Address 1c is outside range for A Read
blk_mem_gen_v7_3 WARNING: Address 1c is outside range for A Read
blk_mem_gen_v7_3 WARNING: Address 1c is outside range for A Read
blk_mem_gen_v7_3 WARNING: Address 1e is outside range for A Read
blk_mem_gen_v7_3 WARNING: Address 1e is outside range for A Read
blk_mem_gen_v7_3 WARNING: Address 1e is outside range for A Read
blk_mem_gen_v7_3 WARNING: Address 1d is outside range for A Read
blk_mem_gen_v7_3 WARNING: Address 1d is outside range for A Read
blk_mem_gen_v7_3 WARNING: Address 1d is outside range for A Read
blk_mem_gen_v7_3 WARNING: Address 1d is outside range for A Read
blk_mem_gen_v7_3 WARNING: Address 1d is outside range for A Read
blk_mem_gen_v7_3 WARNING: Address 1d is outside range for A Read
blk_mem_gen_v7_3 WARNING: Address 1e is outside range for A Read
blk_mem_gen_v7_3 WARNING: Address 1e is outside range for A Read
blk_mem_gen_v7_3 WARNING: Address 1e is outside range for A Read
blk_mem_gen_v7_3 WARNING: Address 1c is outside range for A Read
blk_mem_gen_v7_3 WARNING: Address 1c is outside range for A Read
blk_mem_gen_v7_3 WARNING: Address 1c is outside range for A Read
blk_mem_gen_v7_3 WARNING: Address 1f is outside range for A Read
blk_mem_gen_v7_3 WARNING: Address 1f is outside range for A Read
blk_mem_gen_v7_3 WARNING: Address 1f is outside range for A Read
blk_mem_gen_v7_3 WARNING: Address 1c is outside range for A Read
blk_mem_gen_v7_3 WARNING: Address 1c is outside range for A Read
blk_mem_gen_v7_3 WARNING: Address 1c is outside range for A Read
blk_mem_gen_v7_3 WARNING: Address 14 is outside range for A Read
blk_mem_gen_v7_3 WARNING: Address 15 is outside range for A Read
blk_mem_gen_v7_3 WARNING: Address 16 is outside range for A Read
blk_mem_gen_v7_3 WARNING: Address 17 is outside range for A Read
blk_mem_gen_v7_3 WARNING: Address 18 is outside range for A Read
blk_mem_gen_v7_3 WARNING: Address 19 is outside range for A Read
blk_mem_gen_v7_3 WARNING: Address 1a is outside range for A Read
blk_mem_gen_v7_3 WARNING: Address 1b is outside range for A Read
blk_mem_gen_v7_3 WARNING: Address 1c is outside range for A Read
blk_mem_gen_v7_3 WARNING: Address 1d is outside range for A Read
blk_mem_gen_v7_3 WARNING: Address 1e is outside range for A Read
blk_mem_gen_v7_3 WARNING: Address 1f is outside range for A Read
blk_mem_gen_v7_3 WARNING: Address 1b is outside range for A Read
blk_mem_gen_v7_3 WARNING: Address 1b is outside range for A Read
blk_mem_gen_v7_3 WARNING: Address 1b is outside range for A Read
blk_mem_gen_v7_3 WARNING: Address 1f is outside range for A Read
blk_mem_gen_v7_3 WARNING: Address 1f is outside range for A Read
blk_mem_gen_v7_3 WARNING: Address 1f is outside range for A Read
blk_mem_gen_v7_3 WARNING: Address 1c is outside range for A Read
blk_mem_gen_v7_3 WARNING: Address 1c is outside range for A Read
blk_mem_gen_v7_3 WARNING: Address 1c is outside range for A Read
blk_mem_gen_v7_3 WARNING: Address 1e is outside range for A Read
blk_mem_gen_v7_3 WARNING: Address 1e is outside range for A Read
blk_mem_gen_v7_3 WARNING: Address 1e is outside range for A Read
blk_mem_gen_v7_3 WARNING: Address 1d is outside range for A Read
blk_mem_gen_v7_3 WARNING: Address 1d is outside range for A Read
blk_mem_gen_v7_3 WARNING: Address 1d is outside range for A Read
blk_mem_gen_v7_3 WARNING: Address 1d is outside range for A Read
blk_mem_gen_v7_3 WARNING: Address 1d is outside range for A Read
blk_mem_gen_v7_3 WARNING: Address 1d is outside range for A Read
blk_mem_gen_v7_3 WARNING: Address 1e is outside range for A Read
blk_mem_gen_v7_3 WARNING: Address 1e is outside range for A Read
blk_mem_gen_v7_3 WARNING: Address 1e is outside range for A Read
blk_mem_gen_v7_3 WARNING: Address 1c is outside range for A Read
blk_mem_gen_v7_3 WARNING: Address 1c is outside range for A Read
blk_mem_gen_v7_3 WARNING: Address 1c is outside range for A Read
blk_mem_gen_v7_3 WARNING: Address 1f is outside range for A Read
blk_mem_gen_v7_3 WARNING: Address 1f is outside range for A Read
blk_mem_gen_v7_3 WARNING: Address 1f is outside range for A Read
ISim P.20131013 (signature 0x7708f090)
WARNING: A WEBPACK license was found.
WARNING: Please use Xilinx License Configuration Manager to check out a full ISim license.
WARNING: ISim will run in Lite mode. Please refer to the ISim documentation for more information on the differences between the Lite and the Full version.
This is a Lite version of ISim.
WARNING: File "D:/Amatya Sharma/COA/Lab/ASG10_4_11/RISC_1/InstructionFetch.v" Line 25.  For instance Module1/P_C/, width 25 of formal port jump_value is not equal to width 32 of actual signal jump_value.
WARNING:  For instance I_Mem/InstMem/, width 1 of formal port wea is not equal to width 32 of actual constant.
WARNING:  For instance Module1/I_Mem/, width 1 of formal port writeEnable is not equal to width 32 of actual constant.
WARNING: File "D:/Amatya Sharma/COA/Lab/ASG10_4_11/RISC_1/InstructionFetch.v" Line 45.  For instance Module1/I_Mem/, width 5 of formal port instruction_addr is not equal to width 32 of actual signal add_pc_address.
WARNING:  For instance Module6/h/, width 1 of formal port c_in is not equal to width 32 of actual constant.
WARNING: File "D:/Amatya Sharma/COA/Lab/ASG10_4_11/RISC_1/DataMemory.v" Line 25.  For instance Module7/dataMem/, width 5 of formal port addra is not equal to width 10 of actual signal data_addr.
WARNING: File "D:/Amatya Sharma/COA/Lab/ASG10_4_11/RISC_1/RISCMain.v" Line 74.  For instance uut/Module7/, width 10 of formal port data_addr is not equal to width 32 of actual signal ALUresult.
# run 1000 ns
Simulator is doing circuit initialization process.
 Block Memory Generator CORE Generator module loading initial data...
 Block Memory Generator data initialization complete.
Block Memory Generator CORE Generator module main_tb.uut.Module1.I_Mem.InstMem.inst.\native_mem_module.blk_mem_gen_v7_3_inst  is using a behavioral model for simulation which will not precisely model memory collision behavior.
 Block Memory Generator CORE Generator module loading initial data...
 Block Memory Generator data initialization complete.
Block Memory Generator CORE Generator module main_tb.uut.Module7.dataMem.inst.\native_mem_module.blk_mem_gen_v7_3_inst  is using a behavioral model for simulation which will not precisely model memory collision behavior.
Finished circuit initialization process.
blk_mem_gen_v7_3 WARNING: Address 1b is outside range for A Read
blk_mem_gen_v7_3 WARNING: Address 1b is outside range for A Read
blk_mem_gen_v7_3 WARNING: Address 1b is outside range for A Read
blk_mem_gen_v7_3 WARNING: Address 1f is outside range for A Read
blk_mem_gen_v7_3 WARNING: Address 1f is outside range for A Read
blk_mem_gen_v7_3 WARNING: Address 1f is outside range for A Read
blk_mem_gen_v7_3 WARNING: Address 1c is outside range for A Read
blk_mem_gen_v7_3 WARNING: Address 1c is outside range for A Read
blk_mem_gen_v7_3 WARNING: Address 1c is outside range for A Read
blk_mem_gen_v7_3 WARNING: Address 1e is outside range for A Read
blk_mem_gen_v7_3 WARNING: Address 1e is outside range for A Read
blk_mem_gen_v7_3 WARNING: Address 1e is outside range for A Read
blk_mem_gen_v7_3 WARNING: Address 1d is outside range for A Read
blk_mem_gen_v7_3 WARNING: Address 1d is outside range for A Read
blk_mem_gen_v7_3 WARNING: Address 1d is outside range for A Read
blk_mem_gen_v7_3 WARNING: Address 1d is outside range for A Read
blk_mem_gen_v7_3 WARNING: Address 1d is outside range for A Read
blk_mem_gen_v7_3 WARNING: Address 1d is outside range for A Read
blk_mem_gen_v7_3 WARNING: Address 1e is outside range for A Read
blk_mem_gen_v7_3 WARNING: Address 1e is outside range for A Read
blk_mem_gen_v7_3 WARNING: Address 1e is outside range for A Read
blk_mem_gen_v7_3 WARNING: Address 1c is outside range for A Read
blk_mem_gen_v7_3 WARNING: Address 1c is outside range for A Read
blk_mem_gen_v7_3 WARNING: Address 1c is outside range for A Read
blk_mem_gen_v7_3 WARNING: Address 1f is outside range for A Read
blk_mem_gen_v7_3 WARNING: Address 1f is outside range for A Read
blk_mem_gen_v7_3 WARNING: Address 1f is outside range for A Read
blk_mem_gen_v7_3 WARNING: Address 1c is outside range for A Read
blk_mem_gen_v7_3 WARNING: Address 1c is outside range for A Read
blk_mem_gen_v7_3 WARNING: Address 1c is outside range for A Read
blk_mem_gen_v7_3 WARNING: Address 14 is outside range for A Read
blk_mem_gen_v7_3 WARNING: Address 15 is outside range for A Read
blk_mem_gen_v7_3 WARNING: Address 16 is outside range for A Read
blk_mem_gen_v7_3 WARNING: Address 17 is outside range for A Read
blk_mem_gen_v7_3 WARNING: Address 18 is outside range for A Read
blk_mem_gen_v7_3 WARNING: Address 19 is outside range for A Read
blk_mem_gen_v7_3 WARNING: Address 1a is outside range for A Read
blk_mem_gen_v7_3 WARNING: Address 1b is outside range for A Read
blk_mem_gen_v7_3 WARNING: Address 1c is outside range for A Read
blk_mem_gen_v7_3 WARNING: Address 1d is outside range for A Read
blk_mem_gen_v7_3 WARNING: Address 1e is outside range for A Read
blk_mem_gen_v7_3 WARNING: Address 1f is outside range for A Read
blk_mem_gen_v7_3 WARNING: Address 1b is outside range for A Read
blk_mem_gen_v7_3 WARNING: Address 1b is outside range for A Read
blk_mem_gen_v7_3 WARNING: Address 1b is outside range for A Read
blk_mem_gen_v7_3 WARNING: Address 1f is outside range for A Read
blk_mem_gen_v7_3 WARNING: Address 1f is outside range for A Read
blk_mem_gen_v7_3 WARNING: Address 1f is outside range for A Read
blk_mem_gen_v7_3 WARNING: Address 1c is outside range for A Read
blk_mem_gen_v7_3 WARNING: Address 1c is outside range for A Read
blk_mem_gen_v7_3 WARNING: Address 1c is outside range for A Read
blk_mem_gen_v7_3 WARNING: Address 1e is outside range for A Read
blk_mem_gen_v7_3 WARNING: Address 1e is outside range for A Read
blk_mem_gen_v7_3 WARNING: Address 1e is outside range for A Read
blk_mem_gen_v7_3 WARNING: Address 1d is outside range for A Read
blk_mem_gen_v7_3 WARNING: Address 1d is outside range for A Read
blk_mem_gen_v7_3 WARNING: Address 1d is outside range for A Read
blk_mem_gen_v7_3 WARNING: Address 1d is outside range for A Read
blk_mem_gen_v7_3 WARNING: Address 1d is outside range for A Read
blk_mem_gen_v7_3 WARNING: Address 1d is outside range for A Read
blk_mem_gen_v7_3 WARNING: Address 1e is outside range for A Read
blk_mem_gen_v7_3 WARNING: Address 1e is outside range for A Read
blk_mem_gen_v7_3 WARNING: Address 1e is outside range for A Read
blk_mem_gen_v7_3 WARNING: Address 1c is outside range for A Read
blk_mem_gen_v7_3 WARNING: Address 1c is outside range for A Read
blk_mem_gen_v7_3 WARNING: Address 1c is outside range for A Read
blk_mem_gen_v7_3 WARNING: Address 1f is outside range for A Read
blk_mem_gen_v7_3 WARNING: Address 1f is outside range for A Read
blk_mem_gen_v7_3 WARNING: Address 1f is outside range for A Read
blk_mem_gen_v7_3 WARNING: Address 1c is outside range for A Read
blk_mem_gen_v7_3 WARNING: Address 1c is outside range for A Read
blk_mem_gen_v7_3 WARNING: Address 1c is outside range for A Read
blk_mem_gen_v7_3 WARNING: Address 14 is outside range for A Read
blk_mem_gen_v7_3 WARNING: Address 15 is outside range for A Read
blk_mem_gen_v7_3 WARNING: Address 16 is outside range for A Read
blk_mem_gen_v7_3 WARNING: Address 17 is outside range for A Read
blk_mem_gen_v7_3 WARNING: Address 18 is outside range for A Read
blk_mem_gen_v7_3 WARNING: Address 19 is outside range for A Read
blk_mem_gen_v7_3 WARNING: Address 1a is outside range for A Read
blk_mem_gen_v7_3 WARNING: Address 1b is outside range for A Read
blk_mem_gen_v7_3 WARNING: Address 1c is outside range for A Read
blk_mem_gen_v7_3 WARNING: Address 1d is outside range for A Read
blk_mem_gen_v7_3 WARNING: Address 1e is outside range for A Read
blk_mem_gen_v7_3 WARNING: Address 1f is outside range for A Read
blk_mem_gen_v7_3 WARNING: Address 1b is outside range for A Read
blk_mem_gen_v7_3 WARNING: Address 1b is outside range for A Read
blk_mem_gen_v7_3 WARNING: Address 1b is outside range for A Read
blk_mem_gen_v7_3 WARNING: Address 1f is outside range for A Read
blk_mem_gen_v7_3 WARNING: Address 1f is outside range for A Read
blk_mem_gen_v7_3 WARNING: Address 1f is outside range for A Read
blk_mem_gen_v7_3 WARNING: Address 1c is outside range for A Read
blk_mem_gen_v7_3 WARNING: Address 1c is outside range for A Read
blk_mem_gen_v7_3 WARNING: Address 1c is outside range for A Read
blk_mem_gen_v7_3 WARNING: Address 1e is outside range for A Read
blk_mem_gen_v7_3 WARNING: Address 1e is outside range for A Read
blk_mem_gen_v7_3 WARNING: Address 1e is outside range for A Read
blk_mem_gen_v7_3 WARNING: Address 1d is outside range for A Read
blk_mem_gen_v7_3 WARNING: Address 1d is outside range for A Read
blk_mem_gen_v7_3 WARNING: Address 1d is outside range for A Read
blk_mem_gen_v7_3 WARNING: Address 1d is outside range for A Read
blk_mem_gen_v7_3 WARNING: Address 1d is outside range for A Read
blk_mem_gen_v7_3 WARNING: Address 1d is outside range for A Read
blk_mem_gen_v7_3 WARNING: Address 1e is outside range for A Read
blk_mem_gen_v7_3 WARNING: Address 1e is outside range for A Read
blk_mem_gen_v7_3 WARNING: Address 1e is outside range for A Read
blk_mem_gen_v7_3 WARNING: Address 1c is outside range for A Read
blk_mem_gen_v7_3 WARNING: Address 1c is outside range for A Read
blk_mem_gen_v7_3 WARNING: Address 1c is outside range for A Read
blk_mem_gen_v7_3 WARNING: Address 1f is outside range for A Read
blk_mem_gen_v7_3 WARNING: Address 1f is outside range for A Read
blk_mem_gen_v7_3 WARNING: Address 1f is outside range for A Read
ISim P.20131013 (signature 0x7708f090)
WARNING: A WEBPACK license was found.
WARNING: Please use Xilinx License Configuration Manager to check out a full ISim license.
WARNING: ISim will run in Lite mode. Please refer to the ISim documentation for more information on the differences between the Lite and the Full version.
This is a Lite version of ISim.
WARNING: File "D:/Amatya Sharma/COA/Lab/ASG10_4_11/RISC_1/InstructionFetch.v" Line 25.  For instance Module1/P_C/, width 25 of formal port jump_value is not equal to width 32 of actual signal jump_value.
WARNING:  For instance I_Mem/InstMem/, width 1 of formal port wea is not equal to width 32 of actual constant.
WARNING:  For instance Module1/I_Mem/, width 1 of formal port writeEnable is not equal to width 32 of actual constant.
WARNING: File "D:/Amatya Sharma/COA/Lab/ASG10_4_11/RISC_1/InstructionFetch.v" Line 45.  For instance Module1/I_Mem/, width 5 of formal port instruction_addr is not equal to width 32 of actual signal add_pc_address.
WARNING:  For instance Module6/h/, width 1 of formal port c_in is not equal to width 32 of actual constant.
WARNING: File "D:/Amatya Sharma/COA/Lab/ASG10_4_11/RISC_1/DataMemory.v" Line 25.  For instance Module7/dataMem/, width 5 of formal port addra is not equal to width 10 of actual signal data_addr.
WARNING: File "D:/Amatya Sharma/COA/Lab/ASG10_4_11/RISC_1/RISCMain.v" Line 74.  For instance uut/Module7/, width 10 of formal port data_addr is not equal to width 32 of actual signal ALUresult.
# run 1000 ns
Simulator is doing circuit initialization process.
 Block Memory Generator CORE Generator module loading initial data...
 Block Memory Generator data initialization complete.
Block Memory Generator CORE Generator module main_tb.uut.Module1.I_Mem.InstMem.inst.\native_mem_module.blk_mem_gen_v7_3_inst  is using a behavioral model for simulation which will not precisely model memory collision behavior.
 Block Memory Generator CORE Generator module loading initial data...
 Block Memory Generator data initialization complete.
Block Memory Generator CORE Generator module main_tb.uut.Module7.dataMem.inst.\native_mem_module.blk_mem_gen_v7_3_inst  is using a behavioral model for simulation which will not precisely model memory collision behavior.
Finished circuit initialization process.
blk_mem_gen_v7_3 WARNING: Address 1b is outside range for A Read
blk_mem_gen_v7_3 WARNING: Address 1b is outside range for A Read
blk_mem_gen_v7_3 WARNING: Address 1b is outside range for A Read
blk_mem_gen_v7_3 WARNING: Address 1d is outside range for A Read
blk_mem_gen_v7_3 WARNING: Address 1d is outside range for A Read
blk_mem_gen_v7_3 WARNING: Address 1d is outside range for A Read
blk_mem_gen_v7_3 WARNING: Address 1f is outside range for A Read
blk_mem_gen_v7_3 WARNING: Address 1f is outside range for A Read
blk_mem_gen_v7_3 WARNING: Address 1f is outside range for A Read
blk_mem_gen_v7_3 WARNING: Address 1d is outside range for A Read
blk_mem_gen_v7_3 WARNING: Address 1d is outside range for A Read
blk_mem_gen_v7_3 WARNING: Address 1d is outside range for A Read
blk_mem_gen_v7_3 WARNING: Address 1f is outside range for A Read
blk_mem_gen_v7_3 WARNING: Address 1f is outside range for A Read
blk_mem_gen_v7_3 WARNING: Address 1f is outside range for A Read
blk_mem_gen_v7_3 WARNING: Address 1c is outside range for A Read
blk_mem_gen_v7_3 WARNING: Address 1c is outside range for A Read
blk_mem_gen_v7_3 WARNING: Address 1c is outside range for A Read
blk_mem_gen_v7_3 WARNING: Address 1e is outside range for A Read
blk_mem_gen_v7_3 WARNING: Address 1e is outside range for A Read
blk_mem_gen_v7_3 WARNING: Address 1e is outside range for A Read
blk_mem_gen_v7_3 WARNING: Address 15 is outside range for A Read
blk_mem_gen_v7_3 WARNING: Address 15 is outside range for A Read
blk_mem_gen_v7_3 WARNING: Address 15 is outside range for A Read
blk_mem_gen_v7_3 WARNING: Address 15 is outside range for A Read
blk_mem_gen_v7_3 WARNING: Address 15 is outside range for A Read
blk_mem_gen_v7_3 WARNING: Address 15 is outside range for A Read
blk_mem_gen_v7_3 WARNING: Address 17 is outside range for A Read
blk_mem_gen_v7_3 WARNING: Address 17 is outside range for A Read
blk_mem_gen_v7_3 WARNING: Address 17 is outside range for A Read
blk_mem_gen_v7_3 WARNING: Address 19 is outside range for A Read
blk_mem_gen_v7_3 WARNING: Address 19 is outside range for A Read
blk_mem_gen_v7_3 WARNING: Address 19 is outside range for A Read
blk_mem_gen_v7_3 WARNING: Address 1b is outside range for A Read
blk_mem_gen_v7_3 WARNING: Address 1b is outside range for A Read
blk_mem_gen_v7_3 WARNING: Address 1b is outside range for A Read
blk_mem_gen_v7_3 WARNING: Address 15 is outside range for A Read
blk_mem_gen_v7_3 WARNING: Address 15 is outside range for A Read
blk_mem_gen_v7_3 WARNING: Address 15 is outside range for A Read
blk_mem_gen_v7_3 WARNING: Address 1d is outside range for A Read
blk_mem_gen_v7_3 WARNING: Address 1d is outside range for A Read
blk_mem_gen_v7_3 WARNING: Address 1d is outside range for A Read
blk_mem_gen_v7_3 WARNING: Address 17 is outside range for A Read
blk_mem_gen_v7_3 WARNING: Address 17 is outside range for A Read
blk_mem_gen_v7_3 WARNING: Address 17 is outside range for A Read
blk_mem_gen_v7_3 WARNING: Address 1f is outside range for A Read
blk_mem_gen_v7_3 WARNING: Address 1f is outside range for A Read
blk_mem_gen_v7_3 WARNING: Address 1f is outside range for A Read
blk_mem_gen_v7_3 WARNING: Address 19 is outside range for A Read
blk_mem_gen_v7_3 WARNING: Address 19 is outside range for A Read
blk_mem_gen_v7_3 WARNING: Address 19 is outside range for A Read
blk_mem_gen_v7_3 WARNING: Address 1b is outside range for A Read
blk_mem_gen_v7_3 WARNING: Address 1b is outside range for A Read
blk_mem_gen_v7_3 WARNING: Address 1b is outside range for A Read
blk_mem_gen_v7_3 WARNING: Address 1d is outside range for A Read
blk_mem_gen_v7_3 WARNING: Address 1d is outside range for A Read
blk_mem_gen_v7_3 WARNING: Address 1d is outside range for A Read
blk_mem_gen_v7_3 WARNING: Address 1f is outside range for A Read
blk_mem_gen_v7_3 WARNING: Address 1f is outside range for A Read
blk_mem_gen_v7_3 WARNING: Address 1f is outside range for A Read
ISim P.20131013 (signature 0x7708f090)
WARNING: A WEBPACK license was found.
WARNING: Please use Xilinx License Configuration Manager to check out a full ISim license.
WARNING: ISim will run in Lite mode. Please refer to the ISim documentation for more information on the differences between the Lite and the Full version.
This is a Lite version of ISim.
WARNING: File "D:/Amatya Sharma/COA/Lab/ASG10_4_11/RISC_1/InstructionFetch.v" Line 25.  For instance Module1/P_C/, width 25 of formal port jump_value is not equal to width 32 of actual signal jump_value.
WARNING:  For instance I_Mem/InstMem/, width 1 of formal port wea is not equal to width 32 of actual constant.
WARNING:  For instance Module1/I_Mem/, width 1 of formal port writeEnable is not equal to width 32 of actual constant.
WARNING: File "D:/Amatya Sharma/COA/Lab/ASG10_4_11/RISC_1/InstructionFetch.v" Line 45.  For instance Module1/I_Mem/, width 5 of formal port instruction_addr is not equal to width 32 of actual signal add_pc_address.
WARNING:  For instance Module6/h/, width 1 of formal port c_in is not equal to width 32 of actual constant.
WARNING: File "D:/Amatya Sharma/COA/Lab/ASG10_4_11/RISC_1/DataMemory.v" Line 25.  For instance Module7/dataMem/, width 5 of formal port addra is not equal to width 10 of actual signal data_addr.
WARNING: File "D:/Amatya Sharma/COA/Lab/ASG10_4_11/RISC_1/RISCMain.v" Line 74.  For instance uut/Module7/, width 10 of formal port data_addr is not equal to width 32 of actual signal ALUresult.
# run 1000 ns
Simulator is doing circuit initialization process.
 Block Memory Generator CORE Generator module loading initial data...
 Block Memory Generator data initialization complete.
Block Memory Generator CORE Generator module main_tb.uut.Module1.I_Mem.InstMem.inst.\native_mem_module.blk_mem_gen_v7_3_inst  is using a behavioral model for simulation which will not precisely model memory collision behavior.
 Block Memory Generator CORE Generator module loading initial data...
 Block Memory Generator data initialization complete.
Block Memory Generator CORE Generator module main_tb.uut.Module7.dataMem.inst.\native_mem_module.blk_mem_gen_v7_3_inst  is using a behavioral model for simulation which will not precisely model memory collision behavior.
Finished circuit initialization process.
blk_mem_gen_v7_3 WARNING: Address 1b is outside range for A Read
blk_mem_gen_v7_3 WARNING: Address 1b is outside range for A Read
blk_mem_gen_v7_3 WARNING: Address 1b is outside range for A Read
blk_mem_gen_v7_3 WARNING: Address 1d is outside range for A Read
blk_mem_gen_v7_3 WARNING: Address 1d is outside range for A Read
blk_mem_gen_v7_3 WARNING: Address 1d is outside range for A Read
blk_mem_gen_v7_3 WARNING: Address 1f is outside range for A Read
blk_mem_gen_v7_3 WARNING: Address 1f is outside range for A Read
blk_mem_gen_v7_3 WARNING: Address 1f is outside range for A Read
blk_mem_gen_v7_3 WARNING: Address 1d is outside range for A Read
blk_mem_gen_v7_3 WARNING: Address 1d is outside range for A Read
blk_mem_gen_v7_3 WARNING: Address 1d is outside range for A Read
blk_mem_gen_v7_3 WARNING: Address 1f is outside range for A Read
blk_mem_gen_v7_3 WARNING: Address 1f is outside range for A Read
blk_mem_gen_v7_3 WARNING: Address 1f is outside range for A Read
blk_mem_gen_v7_3 WARNING: Address 1c is outside range for A Read
blk_mem_gen_v7_3 WARNING: Address 1c is outside range for A Read
blk_mem_gen_v7_3 WARNING: Address 1c is outside range for A Read
blk_mem_gen_v7_3 WARNING: Address 1e is outside range for A Read
blk_mem_gen_v7_3 WARNING: Address 1e is outside range for A Read
blk_mem_gen_v7_3 WARNING: Address 1e is outside range for A Read
blk_mem_gen_v7_3 WARNING: Address 15 is outside range for A Read
blk_mem_gen_v7_3 WARNING: Address 15 is outside range for A Read
blk_mem_gen_v7_3 WARNING: Address 15 is outside range for A Read
blk_mem_gen_v7_3 WARNING: Address 15 is outside range for A Read
blk_mem_gen_v7_3 WARNING: Address 15 is outside range for A Read
blk_mem_gen_v7_3 WARNING: Address 15 is outside range for A Read
blk_mem_gen_v7_3 WARNING: Address 17 is outside range for A Read
blk_mem_gen_v7_3 WARNING: Address 17 is outside range for A Read
blk_mem_gen_v7_3 WARNING: Address 17 is outside range for A Read
blk_mem_gen_v7_3 WARNING: Address 19 is outside range for A Read
blk_mem_gen_v7_3 WARNING: Address 19 is outside range for A Read
blk_mem_gen_v7_3 WARNING: Address 19 is outside range for A Read
blk_mem_gen_v7_3 WARNING: Address 1b is outside range for A Read
blk_mem_gen_v7_3 WARNING: Address 1b is outside range for A Read
blk_mem_gen_v7_3 WARNING: Address 1b is outside range for A Read
blk_mem_gen_v7_3 WARNING: Address 15 is outside range for A Read
blk_mem_gen_v7_3 WARNING: Address 15 is outside range for A Read
blk_mem_gen_v7_3 WARNING: Address 15 is outside range for A Read
blk_mem_gen_v7_3 WARNING: Address 1d is outside range for A Read
blk_mem_gen_v7_3 WARNING: Address 1d is outside range for A Read
blk_mem_gen_v7_3 WARNING: Address 1d is outside range for A Read
blk_mem_gen_v7_3 WARNING: Address 17 is outside range for A Read
blk_mem_gen_v7_3 WARNING: Address 17 is outside range for A Read
blk_mem_gen_v7_3 WARNING: Address 17 is outside range for A Read
blk_mem_gen_v7_3 WARNING: Address 1f is outside range for A Read
blk_mem_gen_v7_3 WARNING: Address 1f is outside range for A Read
blk_mem_gen_v7_3 WARNING: Address 1f is outside range for A Read
blk_mem_gen_v7_3 WARNING: Address 19 is outside range for A Read
blk_mem_gen_v7_3 WARNING: Address 19 is outside range for A Read
blk_mem_gen_v7_3 WARNING: Address 19 is outside range for A Read
blk_mem_gen_v7_3 WARNING: Address 1b is outside range for A Read
blk_mem_gen_v7_3 WARNING: Address 1b is outside range for A Read
blk_mem_gen_v7_3 WARNING: Address 1b is outside range for A Read
blk_mem_gen_v7_3 WARNING: Address 1d is outside range for A Read
blk_mem_gen_v7_3 WARNING: Address 1d is outside range for A Read
blk_mem_gen_v7_3 WARNING: Address 1d is outside range for A Read
blk_mem_gen_v7_3 WARNING: Address 1f is outside range for A Read
blk_mem_gen_v7_3 WARNING: Address 1f is outside range for A Read
blk_mem_gen_v7_3 WARNING: Address 1f is outside range for A Read
ISim P.20131013 (signature 0x7708f090)
WARNING: A WEBPACK license was found.
WARNING: Please use Xilinx License Configuration Manager to check out a full ISim license.
WARNING: ISim will run in Lite mode. Please refer to the ISim documentation for more information on the differences between the Lite and the Full version.
This is a Lite version of ISim.
WARNING: File "D:/Amatya Sharma/COA/Lab/ASG10_4_11/RISC_1/InstructionFetch.v" Line 25.  For instance Module1/P_C/, width 25 of formal port jump_value is not equal to width 32 of actual signal jump_value.
WARNING:  For instance I_Mem/InstMem/, width 1 of formal port wea is not equal to width 32 of actual constant.
WARNING:  For instance Module1/I_Mem/, width 1 of formal port writeEnable is not equal to width 32 of actual constant.
WARNING: File "D:/Amatya Sharma/COA/Lab/ASG10_4_11/RISC_1/InstructionFetch.v" Line 45.  For instance Module1/I_Mem/, width 5 of formal port instruction_addr is not equal to width 32 of actual signal add_pc_address.
WARNING:  For instance Module6/h/, width 1 of formal port c_in is not equal to width 32 of actual constant.
WARNING: File "D:/Amatya Sharma/COA/Lab/ASG10_4_11/RISC_1/DataMemory.v" Line 25.  For instance Module7/dataMem/, width 5 of formal port addra is not equal to width 10 of actual signal data_addr.
WARNING: File "D:/Amatya Sharma/COA/Lab/ASG10_4_11/RISC_1/RISCMain.v" Line 74.  For instance uut/Module7/, width 10 of formal port data_addr is not equal to width 32 of actual signal ALUresult.
# run 1000 ns
Simulator is doing circuit initialization process.
 Block Memory Generator CORE Generator module loading initial data...
 Block Memory Generator data initialization complete.
Block Memory Generator CORE Generator module main_tb.uut.Module1.I_Mem.InstMem.inst.\native_mem_module.blk_mem_gen_v7_3_inst  is using a behavioral model for simulation which will not precisely model memory collision behavior.
 Block Memory Generator CORE Generator module loading initial data...
 Block Memory Generator data initialization complete.
Block Memory Generator CORE Generator module main_tb.uut.Module7.dataMem.inst.\native_mem_module.blk_mem_gen_v7_3_inst  is using a behavioral model for simulation which will not precisely model memory collision behavior.
Finished circuit initialization process.
blk_mem_gen_v7_3 WARNING: Address 1b is outside range for A Read
blk_mem_gen_v7_3 WARNING: Address 1b is outside range for A Read
blk_mem_gen_v7_3 WARNING: Address 1b is outside range for A Read
blk_mem_gen_v7_3 WARNING: Address 1f is outside range for A Read
blk_mem_gen_v7_3 WARNING: Address 1f is outside range for A Read
blk_mem_gen_v7_3 WARNING: Address 1f is outside range for A Read
blk_mem_gen_v7_3 WARNING: Address 1c is outside range for A Read
blk_mem_gen_v7_3 WARNING: Address 1c is outside range for A Read
blk_mem_gen_v7_3 WARNING: Address 1c is outside range for A Read
blk_mem_gen_v7_3 WARNING: Address 1e is outside range for A Read
blk_mem_gen_v7_3 WARNING: Address 1e is outside range for A Read
blk_mem_gen_v7_3 WARNING: Address 1e is outside range for A Read
blk_mem_gen_v7_3 WARNING: Address 1d is outside range for A Read
blk_mem_gen_v7_3 WARNING: Address 1d is outside range for A Read
blk_mem_gen_v7_3 WARNING: Address 1d is outside range for A Read
blk_mem_gen_v7_3 WARNING: Address 1d is outside range for A Read
blk_mem_gen_v7_3 WARNING: Address 1d is outside range for A Read
blk_mem_gen_v7_3 WARNING: Address 1d is outside range for A Read
blk_mem_gen_v7_3 WARNING: Address 1e is outside range for A Read
blk_mem_gen_v7_3 WARNING: Address 1e is outside range for A Read
blk_mem_gen_v7_3 WARNING: Address 1e is outside range for A Read
blk_mem_gen_v7_3 WARNING: Address 1c is outside range for A Read
blk_mem_gen_v7_3 WARNING: Address 1c is outside range for A Read
blk_mem_gen_v7_3 WARNING: Address 1c is outside range for A Read
blk_mem_gen_v7_3 WARNING: Address 1f is outside range for A Read
blk_mem_gen_v7_3 WARNING: Address 1f is outside range for A Read
blk_mem_gen_v7_3 WARNING: Address 1f is outside range for A Read
blk_mem_gen_v7_3 WARNING: Address 14 is outside range for A Read
blk_mem_gen_v7_3 WARNING: Address 14 is outside range for A Read
blk_mem_gen_v7_3 WARNING: Address 15 is outside range for A Read
blk_mem_gen_v7_3 WARNING: Address 16 is outside range for A Read
blk_mem_gen_v7_3 WARNING: Address 17 is outside range for A Read
blk_mem_gen_v7_3 WARNING: Address 18 is outside range for A Read
blk_mem_gen_v7_3 WARNING: Address 19 is outside range for A Read
blk_mem_gen_v7_3 WARNING: Address 1a is outside range for A Read
blk_mem_gen_v7_3 WARNING: Address 1b is outside range for A Read
blk_mem_gen_v7_3 WARNING: Address 1c is outside range for A Read
blk_mem_gen_v7_3 WARNING: Address 1d is outside range for A Read
blk_mem_gen_v7_3 WARNING: Address 1e is outside range for A Read
blk_mem_gen_v7_3 WARNING: Address 1f is outside range for A Read
blk_mem_gen_v7_3 WARNING: Address 1a is outside range for A Read
blk_mem_gen_v7_3 WARNING: Address 1a is outside range for A Read
blk_mem_gen_v7_3 WARNING: Address 1a is outside range for A Read
blk_mem_gen_v7_3 WARNING: Address 1f is outside range for A Read
blk_mem_gen_v7_3 WARNING: Address 1f is outside range for A Read
blk_mem_gen_v7_3 WARNING: Address 1f is outside range for A Read
blk_mem_gen_v7_3 WARNING: Address 1b is outside range for A Read
blk_mem_gen_v7_3 WARNING: Address 1b is outside range for A Read
blk_mem_gen_v7_3 WARNING: Address 1b is outside range for A Read
blk_mem_gen_v7_3 WARNING: Address 1e is outside range for A Read
blk_mem_gen_v7_3 WARNING: Address 1e is outside range for A Read
blk_mem_gen_v7_3 WARNING: Address 1e is outside range for A Read
blk_mem_gen_v7_3 WARNING: Address 1c is outside range for A Read
blk_mem_gen_v7_3 WARNING: Address 1c is outside range for A Read
blk_mem_gen_v7_3 WARNING: Address 1c is outside range for A Read
blk_mem_gen_v7_3 WARNING: Address 1d is outside range for A Read
blk_mem_gen_v7_3 WARNING: Address 1d is outside range for A Read
blk_mem_gen_v7_3 WARNING: Address 1d is outside range for A Read
blk_mem_gen_v7_3 WARNING: Address 1d is outside range for A Read
blk_mem_gen_v7_3 WARNING: Address 1d is outside range for A Read
blk_mem_gen_v7_3 WARNING: Address 1d is outside range for A Read
blk_mem_gen_v7_3 WARNING: Address 1c is outside range for A Read
blk_mem_gen_v7_3 WARNING: Address 1c is outside range for A Read
blk_mem_gen_v7_3 WARNING: Address 1c is outside range for A Read
blk_mem_gen_v7_3 WARNING: Address 1e is outside range for A Read
blk_mem_gen_v7_3 WARNING: Address 1e is outside range for A Read
blk_mem_gen_v7_3 WARNING: Address 1e is outside range for A Read
blk_mem_gen_v7_3 WARNING: Address 1f is outside range for A Read
blk_mem_gen_v7_3 WARNING: Address 1f is outside range for A Read
blk_mem_gen_v7_3 WARNING: Address 1f is outside range for A Read
blk_mem_gen_v7_3 WARNING: Address 18 is outside range for A Read
blk_mem_gen_v7_3 WARNING: Address 18 is outside range for A Read
blk_mem_gen_v7_3 WARNING: Address 18 is outside range for A Read
blk_mem_gen_v7_3 WARNING: Address 14 is outside range for A Read
blk_mem_gen_v7_3 WARNING: Address 14 is outside range for A Read
blk_mem_gen_v7_3 WARNING: Address 15 is outside range for A Read
blk_mem_gen_v7_3 WARNING: Address 16 is outside range for A Read
blk_mem_gen_v7_3 WARNING: Address 17 is outside range for A Read
blk_mem_gen_v7_3 WARNING: Address 18 is outside range for A Read
blk_mem_gen_v7_3 WARNING: Address 19 is outside range for A Read
blk_mem_gen_v7_3 WARNING: Address 1a is outside range for A Read
blk_mem_gen_v7_3 WARNING: Address 1b is outside range for A Read
blk_mem_gen_v7_3 WARNING: Address 1c is outside range for A Read
blk_mem_gen_v7_3 WARNING: Address 1d is outside range for A Read
blk_mem_gen_v7_3 WARNING: Address 1e is outside range for A Read
blk_mem_gen_v7_3 WARNING: Address 1f is outside range for A Read
blk_mem_gen_v7_3 WARNING: Address 1b is outside range for A Read
blk_mem_gen_v7_3 WARNING: Address 1b is outside range for A Read
blk_mem_gen_v7_3 WARNING: Address 1b is outside range for A Read
blk_mem_gen_v7_3 WARNING: Address 1f is outside range for A Read
blk_mem_gen_v7_3 WARNING: Address 1f is outside range for A Read
blk_mem_gen_v7_3 WARNING: Address 1f is outside range for A Read
blk_mem_gen_v7_3 WARNING: Address 1c is outside range for A Read
blk_mem_gen_v7_3 WARNING: Address 1c is outside range for A Read
blk_mem_gen_v7_3 WARNING: Address 1c is outside range for A Read
blk_mem_gen_v7_3 WARNING: Address 1e is outside range for A Read
blk_mem_gen_v7_3 WARNING: Address 1e is outside range for A Read
blk_mem_gen_v7_3 WARNING: Address 1e is outside range for A Read
blk_mem_gen_v7_3 WARNING: Address 1d is outside range for A Read
blk_mem_gen_v7_3 WARNING: Address 1d is outside range for A Read
blk_mem_gen_v7_3 WARNING: Address 1d is outside range for A Read
blk_mem_gen_v7_3 WARNING: Address 1d is outside range for A Read
blk_mem_gen_v7_3 WARNING: Address 1d is outside range for A Read
blk_mem_gen_v7_3 WARNING: Address 1d is outside range for A Read
blk_mem_gen_v7_3 WARNING: Address 1e is outside range for A Read
blk_mem_gen_v7_3 WARNING: Address 1e is outside range for A Read
blk_mem_gen_v7_3 WARNING: Address 1e is outside range for A Read
blk_mem_gen_v7_3 WARNING: Address 1c is outside range for A Read
blk_mem_gen_v7_3 WARNING: Address 1c is outside range for A Read
blk_mem_gen_v7_3 WARNING: Address 1c is outside range for A Read
blk_mem_gen_v7_3 WARNING: Address 1f is outside range for A Read
blk_mem_gen_v7_3 WARNING: Address 1f is outside range for A Read
blk_mem_gen_v7_3 WARNING: Address 1f is outside range for A Read
ISim P.20131013 (signature 0x7708f090)
WARNING: A WEBPACK license was found.
WARNING: Please use Xilinx License Configuration Manager to check out a full ISim license.
WARNING: ISim will run in Lite mode. Please refer to the ISim documentation for more information on the differences between the Lite and the Full version.
This is a Lite version of ISim.
WARNING: File "D:/Amatya Sharma/COA/Lab/ASG10_4_11/RISC_1/InstructionFetch.v" Line 25.  For instance Module1/P_C/, width 25 of formal port jump_value is not equal to width 32 of actual signal jump_value.
WARNING:  For instance I_Mem/InstMem/, width 1 of formal port wea is not equal to width 32 of actual constant.
WARNING:  For instance Module1/I_Mem/, width 1 of formal port writeEnable is not equal to width 32 of actual constant.
WARNING: File "D:/Amatya Sharma/COA/Lab/ASG10_4_11/RISC_1/InstructionFetch.v" Line 45.  For instance Module1/I_Mem/, width 5 of formal port instruction_addr is not equal to width 32 of actual signal add_pc_address.
WARNING:  For instance Module6/h/, width 1 of formal port c_in is not equal to width 32 of actual constant.
WARNING: File "D:/Amatya Sharma/COA/Lab/ASG10_4_11/RISC_1/DataMemory.v" Line 25.  For instance Module7/dataMem/, width 5 of formal port addra is not equal to width 10 of actual signal data_addr.
WARNING: File "D:/Amatya Sharma/COA/Lab/ASG10_4_11/RISC_1/RISCMain.v" Line 74.  For instance uut/Module7/, width 10 of formal port data_addr is not equal to width 32 of actual signal ALUresult.
# run 1000 ns
Simulator is doing circuit initialization process.
 Block Memory Generator CORE Generator module loading initial data...
 Block Memory Generator data initialization complete.
Block Memory Generator CORE Generator module main_tb.uut.Module1.I_Mem.InstMem.inst.\native_mem_module.blk_mem_gen_v7_3_inst  is using a behavioral model for simulation which will not precisely model memory collision behavior.
 Block Memory Generator CORE Generator module loading initial data...
 Block Memory Generator data initialization complete.
Block Memory Generator CORE Generator module main_tb.uut.Module7.dataMem.inst.\native_mem_module.blk_mem_gen_v7_3_inst  is using a behavioral model for simulation which will not precisely model memory collision behavior.
Finished circuit initialization process.
blk_mem_gen_v7_3 WARNING: Address 1b is outside range for A Read
blk_mem_gen_v7_3 WARNING: Address 1b is outside range for A Read
blk_mem_gen_v7_3 WARNING: Address 1b is outside range for A Read
blk_mem_gen_v7_3 WARNING: Address 1f is outside range for A Read
blk_mem_gen_v7_3 WARNING: Address 1f is outside range for A Read
blk_mem_gen_v7_3 WARNING: Address 1f is outside range for A Read
blk_mem_gen_v7_3 WARNING: Address 1c is outside range for A Read
blk_mem_gen_v7_3 WARNING: Address 1c is outside range for A Read
blk_mem_gen_v7_3 WARNING: Address 1c is outside range for A Read
blk_mem_gen_v7_3 WARNING: Address 1e is outside range for A Read
blk_mem_gen_v7_3 WARNING: Address 1e is outside range for A Read
blk_mem_gen_v7_3 WARNING: Address 1e is outside range for A Read
blk_mem_gen_v7_3 WARNING: Address 1d is outside range for A Read
blk_mem_gen_v7_3 WARNING: Address 1d is outside range for A Read
blk_mem_gen_v7_3 WARNING: Address 1d is outside range for A Read
blk_mem_gen_v7_3 WARNING: Address 1d is outside range for A Read
blk_mem_gen_v7_3 WARNING: Address 1d is outside range for A Read
blk_mem_gen_v7_3 WARNING: Address 1d is outside range for A Read
blk_mem_gen_v7_3 WARNING: Address 1e is outside range for A Read
blk_mem_gen_v7_3 WARNING: Address 1e is outside range for A Read
blk_mem_gen_v7_3 WARNING: Address 1e is outside range for A Read
blk_mem_gen_v7_3 WARNING: Address 1c is outside range for A Read
blk_mem_gen_v7_3 WARNING: Address 1c is outside range for A Read
blk_mem_gen_v7_3 WARNING: Address 1c is outside range for A Read
blk_mem_gen_v7_3 WARNING: Address 1f is outside range for A Read
blk_mem_gen_v7_3 WARNING: Address 1f is outside range for A Read
blk_mem_gen_v7_3 WARNING: Address 1f is outside range for A Read
blk_mem_gen_v7_3 WARNING: Address 14 is outside range for A Read
blk_mem_gen_v7_3 WARNING: Address 14 is outside range for A Read
blk_mem_gen_v7_3 WARNING: Address 15 is outside range for A Read
blk_mem_gen_v7_3 WARNING: Address 16 is outside range for A Read
blk_mem_gen_v7_3 WARNING: Address 17 is outside range for A Read
blk_mem_gen_v7_3 WARNING: Address 18 is outside range for A Read
blk_mem_gen_v7_3 WARNING: Address 19 is outside range for A Read
blk_mem_gen_v7_3 WARNING: Address 1a is outside range for A Read
blk_mem_gen_v7_3 WARNING: Address 1b is outside range for A Read
blk_mem_gen_v7_3 WARNING: Address 1c is outside range for A Read
blk_mem_gen_v7_3 WARNING: Address 1d is outside range for A Read
blk_mem_gen_v7_3 WARNING: Address 1e is outside range for A Read
blk_mem_gen_v7_3 WARNING: Address 1f is outside range for A Read
blk_mem_gen_v7_3 WARNING: Address 1a is outside range for A Read
blk_mem_gen_v7_3 WARNING: Address 1a is outside range for A Read
blk_mem_gen_v7_3 WARNING: Address 1a is outside range for A Read
blk_mem_gen_v7_3 WARNING: Address 1f is outside range for A Read
blk_mem_gen_v7_3 WARNING: Address 1f is outside range for A Read
blk_mem_gen_v7_3 WARNING: Address 1f is outside range for A Read
blk_mem_gen_v7_3 WARNING: Address 1b is outside range for A Read
blk_mem_gen_v7_3 WARNING: Address 1b is outside range for A Read
blk_mem_gen_v7_3 WARNING: Address 1b is outside range for A Read
blk_mem_gen_v7_3 WARNING: Address 1e is outside range for A Read
blk_mem_gen_v7_3 WARNING: Address 1e is outside range for A Read
blk_mem_gen_v7_3 WARNING: Address 1e is outside range for A Read
blk_mem_gen_v7_3 WARNING: Address 1c is outside range for A Read
blk_mem_gen_v7_3 WARNING: Address 1c is outside range for A Read
blk_mem_gen_v7_3 WARNING: Address 1c is outside range for A Read
blk_mem_gen_v7_3 WARNING: Address 1d is outside range for A Read
blk_mem_gen_v7_3 WARNING: Address 1d is outside range for A Read
blk_mem_gen_v7_3 WARNING: Address 1d is outside range for A Read
blk_mem_gen_v7_3 WARNING: Address 1d is outside range for A Read
blk_mem_gen_v7_3 WARNING: Address 1d is outside range for A Read
blk_mem_gen_v7_3 WARNING: Address 1d is outside range for A Read
blk_mem_gen_v7_3 WARNING: Address 1c is outside range for A Read
blk_mem_gen_v7_3 WARNING: Address 1c is outside range for A Read
blk_mem_gen_v7_3 WARNING: Address 1c is outside range for A Read
blk_mem_gen_v7_3 WARNING: Address 1e is outside range for A Read
blk_mem_gen_v7_3 WARNING: Address 1e is outside range for A Read
blk_mem_gen_v7_3 WARNING: Address 1e is outside range for A Read
blk_mem_gen_v7_3 WARNING: Address 1f is outside range for A Read
blk_mem_gen_v7_3 WARNING: Address 1f is outside range for A Read
blk_mem_gen_v7_3 WARNING: Address 1f is outside range for A Read
blk_mem_gen_v7_3 WARNING: Address 18 is outside range for A Read
blk_mem_gen_v7_3 WARNING: Address 18 is outside range for A Read
blk_mem_gen_v7_3 WARNING: Address 18 is outside range for A Read
blk_mem_gen_v7_3 WARNING: Address 14 is outside range for A Read
blk_mem_gen_v7_3 WARNING: Address 14 is outside range for A Read
blk_mem_gen_v7_3 WARNING: Address 15 is outside range for A Read
blk_mem_gen_v7_3 WARNING: Address 16 is outside range for A Read
blk_mem_gen_v7_3 WARNING: Address 17 is outside range for A Read
blk_mem_gen_v7_3 WARNING: Address 18 is outside range for A Read
blk_mem_gen_v7_3 WARNING: Address 19 is outside range for A Read
blk_mem_gen_v7_3 WARNING: Address 1a is outside range for A Read
blk_mem_gen_v7_3 WARNING: Address 1b is outside range for A Read
blk_mem_gen_v7_3 WARNING: Address 1c is outside range for A Read
blk_mem_gen_v7_3 WARNING: Address 1d is outside range for A Read
blk_mem_gen_v7_3 WARNING: Address 1e is outside range for A Read
blk_mem_gen_v7_3 WARNING: Address 1f is outside range for A Read
blk_mem_gen_v7_3 WARNING: Address 1b is outside range for A Read
blk_mem_gen_v7_3 WARNING: Address 1b is outside range for A Read
blk_mem_gen_v7_3 WARNING: Address 1b is outside range for A Read
blk_mem_gen_v7_3 WARNING: Address 1f is outside range for A Read
blk_mem_gen_v7_3 WARNING: Address 1f is outside range for A Read
blk_mem_gen_v7_3 WARNING: Address 1f is outside range for A Read
blk_mem_gen_v7_3 WARNING: Address 1c is outside range for A Read
blk_mem_gen_v7_3 WARNING: Address 1c is outside range for A Read
blk_mem_gen_v7_3 WARNING: Address 1c is outside range for A Read
blk_mem_gen_v7_3 WARNING: Address 1e is outside range for A Read
blk_mem_gen_v7_3 WARNING: Address 1e is outside range for A Read
blk_mem_gen_v7_3 WARNING: Address 1e is outside range for A Read
blk_mem_gen_v7_3 WARNING: Address 1d is outside range for A Read
blk_mem_gen_v7_3 WARNING: Address 1d is outside range for A Read
blk_mem_gen_v7_3 WARNING: Address 1d is outside range for A Read
blk_mem_gen_v7_3 WARNING: Address 1d is outside range for A Read
blk_mem_gen_v7_3 WARNING: Address 1d is outside range for A Read
blk_mem_gen_v7_3 WARNING: Address 1d is outside range for A Read
blk_mem_gen_v7_3 WARNING: Address 1e is outside range for A Read
blk_mem_gen_v7_3 WARNING: Address 1e is outside range for A Read
blk_mem_gen_v7_3 WARNING: Address 1e is outside range for A Read
blk_mem_gen_v7_3 WARNING: Address 1c is outside range for A Read
blk_mem_gen_v7_3 WARNING: Address 1c is outside range for A Read
blk_mem_gen_v7_3 WARNING: Address 1c is outside range for A Read
blk_mem_gen_v7_3 WARNING: Address 1f is outside range for A Read
blk_mem_gen_v7_3 WARNING: Address 1f is outside range for A Read
blk_mem_gen_v7_3 WARNING: Address 1f is outside range for A Read
